<?xml version="1.0" encoding="utf-8"?><testsuites name="pytest tests"><testsuite name="pytest" errors="0" failures="0" skipped="0" tests="121" time="79.969" timestamp="2026-09-19T11:02:17.508077+08:00" hostname="DESKTOP-IM673D3"><testcase classname="tests.test_api" name="test_anonymous_cookie_restores_identity_and_persists_only_hash" time="0.368" /><testcase classname="tests.test_api" name="test_lost_cookie_is_a_new_identity_and_admin_cookie_is_independent" time="0.999" /><testcase classname="tests.test_api" name="test_csrf_rejects_foreign_origin_and_missing_required_header" time="0.380" /><testcase classname="tests.test_api" name="test_preferences_validation_atomic_onboarding_and_cas" time="0.443" /><testcase classname="tests.test_api" name="test_two_simultaneous_preference_writes_have_one_winner" time="0.287" /><testcase classname="tests.test_api" name="test_delivery_settings_accept_only_time_and_do_not_generate" time="0.364" /><testcase classname="tests.test_api" name="test_model_secrets_are_encrypted_replaceable_and_revocable" time="1.027" /><testcase classname="tests.test_api" name="test_published_config_cannot_be_overwritten" time="0.886" /><testcase classname="tests.test_api" name="test_generation_idempotency_current_recovery_and_cross_user_visibility" time="0.724" /><testcase classname="tests.test_api" name="test_simultaneous_generation_replays_enqueue_only_one_run" time="0.411" /><testcase classname="tests.test_api" name="test_request_limit_returns_retry_after_and_records_real_risk" time="0.277" /><testcase classname="tests.test_api" name="test_existing_cookie_session_recovery_cannot_bypass_account_request_limit" time="0.234" /><testcase classname="tests.test_api" name="test_daily_generation_limit_does_not_enqueue_or_consume_another_unit" time="0.498" /><testcase classname="tests.test_api" name="test_expired_cookie_creates_new_identity_but_never_recovers_another_users_data" time="0.399" /><testcase classname="tests.test_api" name="test_brief_memory_and_delivery_enforce_owner_before_actions" time="0.497" /><testcase classname="tests.test_api" name="test_blocked_cookie_does_not_create_replacement_account" time="1.359" /><testcase classname="tests.test_api" name="test_every_management_read_requires_independent_admin_authentication" time="0.267" /><testcase classname="tests.test_api" name="test_read_endpoints_return_contract_pagination_and_no_private_keys" time="2.505" /><testcase classname="tests.test_errors" name="test_internal_identity_is_preserved_while_public_code_matches_contract[INVALID_INPUT-400-VALIDATION_ERROR]" time="0.003" /><testcase classname="tests.test_errors" name="test_internal_identity_is_preserved_while_public_code_matches_contract[INVALID_CREDENTIALS-401-UNAUTHENTICATED]" time="0.005" /><testcase classname="tests.test_errors" name="test_internal_identity_is_preserved_while_public_code_matches_contract[IMMUTABLE_CONFIG-409-INVALID_STATE]" time="0.006" /><testcase classname="tests.test_errors" name="test_internal_identity_is_preserved_while_public_code_matches_contract[MODEL_UNVERIFIED-409-INVALID_STATE]" time="0.003" /><testcase classname="tests.test_errors" name="test_internal_identity_is_preserved_while_public_code_matches_contract[IDEMPOTENCY_CONFLICT-409-VERSION_CONFLICT]" time="0.006" /><testcase classname="tests.test_errors" name="test_internal_identity_is_preserved_while_public_code_matches_contract[CONCURRENCY_LIMIT-429-RATE_LIMITED]" time="0.003" /><testcase classname="tests.test_errors" name="test_internal_identity_is_preserved_while_public_code_matches_contract[ACCOUNT_CREATION_LIMIT-429-RATE_LIMITED]" time="0.008" /><testcase classname="tests.test_errors" name="test_internal_identity_is_preserved_while_public_code_matches_contract[CONFIGURATION_REQUIRED-409-INVALID_STATE]" time="0.019" /><testcase classname="tests.test_errors" name="test_internal_identity_is_preserved_while_public_code_matches_contract[CONFIGURATION_REQUIRED-503-DEPENDENCY_UNAVAILABLE]" time="0.006" /><testcase classname="tests.test_errors" name="test_internal_identity_is_preserved_while_public_code_matches_contract[MODEL_UNAVAILABLE-503-DEPENDENCY_UNAVAILABLE]" time="0.003" /><testcase classname="tests.test_errors" name="test_internal_identity_is_preserved_while_public_code_matches_contract[SERVICE_ERROR-503-INTERNAL_ERROR]" time="0.003" /><testcase classname="tests.test_errors" name="test_internal_identity_is_preserved_while_public_code_matches_contract[FUTURE_INTERNAL_DETAIL-400-VALIDATION_ERROR]" time="0.006" /><testcase classname="tests.test_errors" name="test_real_gateway_400_401_403_404_409_429_errors_match_frozen_schema" time="0.688" /><testcase classname="tests.test_errors" name="test_gateway_503_domain_database_and_unexpected_paths_match_contract[exception0-DEPENDENCY_UNAVAILABLE]" time="0.017" /><testcase classname="tests.test_errors" name="test_gateway_503_domain_database_and_unexpected_paths_match_contract[exception1-DEPENDENCY_UNAVAILABLE]" time="0.027" /><testcase classname="tests.test_errors" name="test_gateway_503_domain_database_and_unexpected_paths_match_contract[exception2-INTERNAL_ERROR]" time="0.018" /><testcase classname="tests.test_evaluation.EvaluationTests" name="test_dataset_is_stable_and_copies_case_and_source_revisions" time="0.003" /><testcase classname="tests.test_evaluation.EvaluationTests" name="test_empty_dataset_and_missing_snapshot_are_not_live_fallbacks" time="0.005" /><testcase classname="tests.test_evaluation.EvaluationTests" name="test_empty_output_has_no_measured_accuracy" time="0.002" /><testcase classname="tests.test_evaluation.EvaluationTests" name="test_generator_failure_is_not_zero_or_published_success" time="0.002" /><testcase classname="tests.test_evaluation.EvaluationTests" name="test_invalid_judge_values_do_not_become_real_scores" time="0.003" /><testcase classname="tests.test_evaluation.EvaluationTests" name="test_judge_failure_does_not_fabricate_score_or_expose_secret" time="0.004" /><testcase classname="tests.test_evaluation.EvaluationTests" name="test_missing_judge_keeps_llm_and_cost_metrics_unknown" time="0.002" /><testcase classname="tests.test_evaluation.EvaluationTests" name="test_record_adapter_rejects_changed_persisted_dataset" time="0.003" /><testcase classname="tests.test_evaluation.EvaluationTests" name="test_rules_use_fixed_clock_and_detect_unknown_dates_duplicates_and_bad_citations" time="0.007" /><testcase classname="tests.test_execution" name="test_real_harness_saves_artifacts_then_publication_confirms_completion" time="3.238" /><testcase classname="tests.test_execution" name="test_no_match_remains_empty_instead_of_fabricating_news" time="1.857" /><testcase classname="tests.test_execution" name="test_tool_error_can_be_handled_by_real_model_tool_loop" time="1.949" /><testcase classname="tests.test_execution" name="test_tool_loop_budget_failure_never_publishes_a_completed_brief" time="1.595" /><testcase classname="tests.test_execution" name="test_model_failure_keeps_unknown_usage_and_redacts_public_failure" time="1.291" /><testcase classname="tests.test_execution" name="test_queued_cancellation_requires_no_model_and_preserves_daily_slot" time="0.392" /><testcase classname="tests.test_execution" name="test_cancellation_during_model_call_stops_before_publication" time="1.286" /><testcase classname="tests.test_execution" name="test_existing_brief_replay_has_no_new_generation_and_preserves_journal" time="2.139" /><testcase classname="tests.test_execution" name="test_actual_tool_event_payloads_are_bounded_and_redacted" time="2.712" /><testcase classname="tests.test_execution_evaluation" name="test_evaluation_executes_frozen_case_with_real_agent_and_persists_unknown_judge_metrics" time="1.806" /><testcase classname="tests.test_execution_evaluation" name="test_evaluation_provider_failure_persists_failed_case_and_null_scores_without_publication" time="0.901" /><testcase classname="tests.test_files_harness" name="test_reject_untrusted_path[../x]" time="0.016" /><testcase classname="tests.test_files_harness" name="test_reject_untrusted_path[/workspace/../x]" time="0.015" /><testcase classname="tests.test_files_harness" name="test_reject_untrusted_path[/workspace/output/../../x]" time="0.016" /><testcase classname="tests.test_files_harness" name="test_reject_untrusted_path[C:/Users/key]" time="0.017" /><testcase classname="tests.test_files_harness" name="test_reject_untrusted_path[//server/share]" time="0.016" /><testcase classname="tests.test_files_harness" name="test_reject_untrusted_path[/workspace\\output\\x]" time="0.014" /><testcase classname="tests.test_files_harness" name="test_reject_untrusted_path[/workspace2/output/x]" time="0.019" /><testcase classname="tests.test_files_harness" name="test_reject_untrusted_path[/etc/passwd]" time="0.022" /><testcase classname="tests.test_files_harness" name="test_reject_untrusted_path[/workspace/%2e%2e/key]" time="0.015" /><testcase classname="tests.test_files_harness" name="test_reject_untrusted_path[/workspace/output/x\x00]" time="0.019" /><testcase classname="tests.test_files_harness" name="test_partial_read_hash_cas_and_exclusive_create" time="0.161" /><testcase classname="tests.test_files_harness" name="test_two_actor_overwrites_only_one_succeeds" time="0.133" /><testcase classname="tests.test_files_harness" name="test_write_execution_replay_and_persistent_read_ledger" time="0.050" /><testcase classname="tests.test_files_harness" name="test_outputs_bound_long_line" time="0.041" /><testcase classname="tests.test_files_harness" name="test_link_escape_rejected" time="0.016" /><testcase classname="tests.test_files_harness" name="test_write_recovers_receipt_after_interrupted_commit" time="0.052" /><testcase classname="tests.test_files_harness" name="test_linux_descriptor_path_swap_and_cas" time="2.740" /><testcase classname="tests.test_harness_integrations" name="test_tavily_bounded_synthetic_response" time="0.009" /><testcase classname="tests.test_harness_integrations" name="test_mysql_pending_writes_namespaces_restart_and_memory" time="3.572" /><testcase classname="tests.test_harness_integrations" name="test_mysql_actual_graph_interrupt_resume" time="0.312" /><testcase classname="tests.test_harness_integrations" name="test_memory_sync_iterator_includes_pages_while_deleting" time="0.010" /><testcase classname="tests.test_harness_integrations" name="test_real_sandbox_readonly_networkless_and_output" time="7.408" /><testcase classname="tests.test_harness_runtime" name="test_repair_order_missing_orphans_duplicates_and_idempotency" time="0.006" /><testcase classname="tests.test_harness_runtime" name="test_summary_keeps_user_merges_old_and_renders_separately" time="0.016" /><testcase classname="tests.test_harness_runtime" name="test_summary_all_trigger_modes[tokens]" time="0.013" /><testcase classname="tests.test_harness_runtime" name="test_summary_all_trigger_modes[ratio]" time="0.012" /><testcase classname="tests.test_harness_runtime" name="test_create_agent_repeated_tool_loop_and_budget" time="0.952" /><testcase classname="tests.test_harness_runtime" name="test_shared_budget_and_cancel" time="0.004" /><testcase classname="tests.test_harness_runtime" name="test_create_agent_mysql_cancel_resume_without_repeating_completed_model" time="2.133" /><testcase classname="tests.test_harness_runtime" name="test_subagent_real_loop_shares_total_budget_and_thread" time="0.788" /><testcase classname="tests.test_harness_runtime" name="test_interrupted_child_resumes_its_pending_write" time="1.374" /><testcase classname="tests.test_harness_runtime" name="test_stale_duplicate_cannot_hide_fresh_evidence" time="0.002" /><testcase classname="tests.test_ingestion" name="test_pinned_catalog_units_redirects_and_distinct_intervals" time="0.008" /><testcase classname="tests.test_ingestion" name="test_rss_snapshot_raw_metadata_dates_and_ttl" time="0.094" /><testcase classname="tests.test_ingestion" name="test_rss_conditional_304_and_same_body_preserve_snapshot_age" time="0.115" /><testcase classname="tests.test_ingestion" name="test_bad_response_keeps_valid_snapshot[&lt;html&gt;&lt;body&gt;Access denied&lt;/body&gt;&lt;/html&gt;]" time="0.129" /><testcase classname="tests.test_ingestion" name="test_bad_response_keeps_valid_snapshot[&lt;rss&gt;&lt;channel&gt;&lt;item&gt;]" time="0.095" /><testcase classname="tests.test_ingestion" name="test_no_snapshot_304_is_not_success" time="0.014" /><testcase classname="tests.test_ingestion" name="test_recover_published_snapshot_after_worker_state_commit_interruption" time="0.083" /><testcase classname="tests.test_ingestion" name="test_timeout_exponential_backoff_and_retry_after" time="0.020" /><testcase classname="tests.test_ingestion" name="test_newsnow_upstream_interval_and_updated_time_is_not_news_time" time="0.110" /><testcase classname="tests.test_ingestion" name="test_snapshot_publication_failure_does_not_replace_latest" time="0.122" /><testcase classname="tests.test_ingestion" name="test_new_snapshot_preserves_first_seen_and_previous_snapshot" time="0.174" /><testcase classname="tests.test_ingestion" name="test_response_size_limit_and_cache_header_delay" time="0.066" /><testcase classname="tests.test_ingestion" name="test_source_ids_and_snapshot_paths_cannot_escape_storage" time="0.007" /><testcase classname="tests.test_ingestion" name="test_recoverable_xml_warning_keeps_parseable_items" time="0.061" /><testcase classname="tests.test_migrations" name="test_initial_revision_contains_explicit_frozen_schema" time="0.019" /><testcase classname="tests.test_migrations" name="test_mysql_clean_install_repeated_upgrade_and_new_process_persistence" time="8.841" /><testcase classname="tests.test_runtime_contract" name="test_all_frozen_operations_return_their_real_http_contract" time="7.816" /><testcase classname="tests.test_security" name="test_production_secure_cookie_is_issued_and_restores_over_https" time="0.272" /><testcase classname="tests.test_security" name="test_clearing_cookie_does_not_reset_same_ip_creation_quota" time="0.394" /><testcase classname="tests.test_security" name="test_forwarded_ip_affects_account_identity_only_at_trusted_proxy_boundary[untrusted_peer]" time="0.150" /><testcase classname="tests.test_security" name="test_forwarded_ip_affects_account_identity_only_at_trusted_proxy_boundary[trusted_peer]" time="0.138" /><testcase classname="tests.test_security" name="test_forwarded_ip_affects_account_identity_only_at_trusted_proxy_boundary[trusted_chain]" time="0.164" /><testcase classname="tests.test_workers" name="test_source_collection_persists_snapshot_attempt_and_public_contract" time="0.290" /><testcase classname="tests.test_workers" name="test_duplicate_source_task_does_not_fetch_before_its_interval" time="0.266" /><testcase classname="tests.test_workers" name="test_source_worker_exception_releases_lease_and_persists_next_retry" time="0.147" /><testcase classname="tests.test_workers" name="test_concurrent_source_tasks_have_one_network_owner" time="0.181" /><testcase classname="tests.test_workers" name="test_stale_lease_cannot_publish_snapshot_or_overwrite_new_owner" time="0.147" /><testcase classname="tests.test_workers" name="test_due_sources_keep_independent_intervals_and_survive_scheduler_restart" time="0.353" /><testcase classname="tests.test_workers" name="test_daily_scheduler_is_atomic_idempotent_and_excludes_ineligible_accounts" time="0.259" /><testcase classname="tests.test_workers" name="test_scheduler_skips_yesterdays_slots_and_uses_shanghai_time" time="0.148" /><testcase classname="tests.test_workers" name="test_outbox_ack_failure_leaves_command_and_success_marks_only_own_record" time="0.209" /><testcase classname="tests.test_workers" name="test_publication_is_atomic_idempotent_and_sets_progress_after_publish" time="0.260" /><testcase classname="tests.test_workers" name="test_publication_failure_and_explicit_retry_reuse_exact_brief" time="0.379" /><testcase classname="tests.test_workers" name="test_blocked_or_cancelled_publication_never_reports_completion" time="0.190" /><testcase classname="tests.test_workers" name="test_recovery_routes_existing_brief_to_delivery_without_rerunning_model" time="0.205" /></testsuite></testsuites>