<?xml version="1.0" encoding="utf-8"?><testsuites name="pytest tests"><testsuite name="pytest" errors="0" failures="0" skipped="0" tests="5" time="1.661" timestamp="2026-09-19T00:53:38.618340+08:00" hostname="DESKTOP-IM673D3"><testcase classname="tests.test_security" name="test_production_secure_cookie_is_issued_and_restores_over_https" time="0.676" /><testcase classname="tests.test_security" name="test_clearing_cookie_does_not_reset_same_ip_creation_quota" time="0.411" /><testcase classname="tests.test_security" name="test_forwarded_ip_affects_account_identity_only_at_trusted_proxy_boundary[untrusted_peer]" time="0.194" /><testcase classname="tests.test_security" name="test_forwarded_ip_affects_account_identity_only_at_trusted_proxy_boundary[trusted_peer]" time="0.161" /><testcase classname="tests.test_security" name="test_forwarded_ip_affects_account_identity_only_at_trusted_proxy_boundary[trusted_chain]" time="0.150" /></testsuite></testsuites>