<?xml version="1.0" encoding="utf-8"?><testsuites name="pytest tests"><testsuite name="pytest" errors="0" failures="0" skipped="0" tests="39" time="11.237" timestamp="2026-09-19T00:58:00.308094+08:00" hostname="DESKTOP-IM673D3"><testcase classname="tests.test_errors" name="test_internal_identity_is_preserved_while_public_code_matches_contract[INVALID_INPUT-400-VALIDATION_ERROR]" time="0.002" /><testcase classname="tests.test_errors" name="test_internal_identity_is_preserved_while_public_code_matches_contract[INVALID_CREDENTIALS-401-UNAUTHENTICATED]" time="0.001" /><testcase classname="tests.test_errors" name="test_internal_identity_is_preserved_while_public_code_matches_contract[IMMUTABLE_CONFIG-409-INVALID_STATE]" time="0.001" /><testcase classname="tests.test_errors" name="test_internal_identity_is_preserved_while_public_code_matches_contract[MODEL_UNVERIFIED-409-INVALID_STATE]" time="0.001" /><testcase classname="tests.test_errors" name="test_internal_identity_is_preserved_while_public_code_matches_contract[IDEMPOTENCY_CONFLICT-409-VERSION_CONFLICT]" time="0.001" /><testcase classname="tests.test_errors" name="test_internal_identity_is_preserved_while_public_code_matches_contract[CONCURRENCY_LIMIT-429-RATE_LIMITED]" time="0.001" /><testcase classname="tests.test_errors" name="test_internal_identity_is_preserved_while_public_code_matches_contract[ACCOUNT_CREATION_LIMIT-429-RATE_LIMITED]" time="0.001" /><testcase classname="tests.test_errors" name="test_internal_identity_is_preserved_while_public_code_matches_contract[CONFIGURATION_REQUIRED-409-INVALID_STATE]" time="0.002" /><testcase classname="tests.test_errors" name="test_internal_identity_is_preserved_while_public_code_matches_contract[CONFIGURATION_REQUIRED-503-DEPENDENCY_UNAVAILABLE]" time="0.002" /><testcase classname="tests.test_errors" name="test_internal_identity_is_preserved_while_public_code_matches_contract[MODEL_UNAVAILABLE-503-DEPENDENCY_UNAVAILABLE]" time="0.001" /><testcase classname="tests.test_errors" name="test_internal_identity_is_preserved_while_public_code_matches_contract[SERVICE_ERROR-503-INTERNAL_ERROR]" time="0.001" /><testcase classname="tests.test_errors" name="test_internal_identity_is_preserved_while_public_code_matches_contract[FUTURE_INTERNAL_DETAIL-400-VALIDATION_ERROR]" time="0.001" /><testcase classname="tests.test_errors" name="test_real_gateway_400_401_403_404_409_429_errors_match_frozen_schema" time="0.540" /><testcase classname="tests.test_errors" name="test_gateway_503_domain_database_and_unexpected_paths_match_contract[exception0-DEPENDENCY_UNAVAILABLE]" time="0.009" /><testcase classname="tests.test_errors" name="test_gateway_503_domain_database_and_unexpected_paths_match_contract[exception1-DEPENDENCY_UNAVAILABLE]" time="0.010" /><testcase classname="tests.test_errors" name="test_gateway_503_domain_database_and_unexpected_paths_match_contract[exception2-INTERNAL_ERROR]" time="0.011" /><testcase classname="tests.test_security" name="test_production_secure_cookie_is_issued_and_restores_over_https" time="0.152" /><testcase classname="tests.test_security" name="test_clearing_cookie_does_not_reset_same_ip_creation_quota" time="0.245" /><testcase classname="tests.test_security" name="test_forwarded_ip_affects_account_identity_only_at_trusted_proxy_boundary[untrusted_peer]" time="0.124" /><testcase classname="tests.test_security" name="test_forwarded_ip_affects_account_identity_only_at_trusted_proxy_boundary[trusted_peer]" time="0.125" /><testcase classname="tests.test_security" name="test_forwarded_ip_affects_account_identity_only_at_trusted_proxy_boundary[trusted_chain]" time="0.157" /><testcase classname="tests.test_api" name="test_anonymous_cookie_restores_identity_and_persists_only_hash" time="0.235" /><testcase classname="tests.test_api" name="test_lost_cookie_is_a_new_identity_and_admin_cookie_is_independent" time="1.076" /><testcase classname="tests.test_api" name="test_csrf_rejects_foreign_origin_and_missing_required_header" time="0.188" /><testcase classname="tests.test_api" name="test_preferences_validation_atomic_onboarding_and_cas" time="0.410" /><testcase classname="tests.test_api" name="test_two_simultaneous_preference_writes_have_one_winner" time="0.260" /><testcase classname="tests.test_api" name="test_delivery_settings_accept_only_time_and_do_not_generate" time="0.314" /><testcase classname="tests.test_api" name="test_model_secrets_are_encrypted_replaceable_and_revocable" time="0.909" /><testcase classname="tests.test_api" name="test_published_config_cannot_be_overwritten" time="0.824" /><testcase classname="tests.test_api" name="test_generation_idempotency_current_recovery_and_cross_user_visibility" time="0.703" /><testcase classname="tests.test_api" name="test_simultaneous_generation_replays_enqueue_only_one_run" time="0.387" /><testcase classname="tests.test_api" name="test_request_limit_returns_retry_after_and_records_real_risk" time="0.242" /><testcase classname="tests.test_api" name="test_existing_cookie_session_recovery_cannot_bypass_account_request_limit" time="0.216" /><testcase classname="tests.test_api" name="test_daily_generation_limit_does_not_enqueue_or_consume_another_unit" time="0.347" /><testcase classname="tests.test_api" name="test_expired_cookie_creates_new_identity_but_never_recovers_another_users_data" time="0.337" /><testcase classname="tests.test_api" name="test_brief_memory_and_delivery_enforce_owner_before_actions" time="0.461" /><testcase classname="tests.test_api" name="test_blocked_cookie_does_not_create_replacement_account" time="1.045" /><testcase classname="tests.test_api" name="test_every_management_read_requires_independent_admin_authentication" time="0.195" /><testcase classname="tests.test_api" name="test_read_endpoints_return_contract_pagination_and_no_private_keys" time="1.403" /></testsuite></testsuites>